<?xml version="1.0" encoding="UTF-8"?>
<testsuite xmlns:xsi="http://www.w3.org/2001/XMLSchema-instance" xsi:noNamespaceSchemaLocation="https://maven.apache.org/surefire/maven-surefire-plugin/xsd/surefire-test-report.xsd" version="3.0.2" name="edu.course.library.service.LibraryServiceTest" time="0.01" tests="3" errors="0" skipped="0" failures="0">
  <properties>
[...]
</properties>
  <testcase name="unavailableBook" classname="edu.course.library.service.LibraryServiceTest" time="0.002">
    <system-out><![CDATA[[SMS] to=13800000001 priority=1 message=Borrow success: B001
AUDIT: U001 borrowed B001
]]></system-out>
  </testcase>
  <testcase name="normalBorrow" classname="edu.course.library.service.LibraryServiceTest" time="0.003">
    <system-out><![CDATA[[SMS] to=13800000001 priority=1 message=Borrow success: B001
AUDIT: U001 borrowed B001
]]></system-out>
  </testcase>
  <testcase name="unknownUser" classname="edu.course.library.service.LibraryServiceTest" time="0.002"/>
</testsuite>